<?xml version="1.0" encoding="UTF-8"?>
<testsuite xmlns:xsi="http://www.w3.org/2001/XMLSchema-instance" xsi:noNamespaceSchemaLocation="https://maven.apache.org/surefire/maven-surefire-plugin/xsd/surefire-test-report-3.0.xsd" version="3.0" name="HttpServerTest" time="2.35" tests="8" errors="0" skipped="0" failures="0">
  <properties>
[...]
</properties>
  <testcase name="testIndexHtmlResponse" classname="HttpServerTest" time="0.285">
    <system-out><![CDATA[Servidor iniciado en el puerto: 32000
Ruta solicitada: /index.html
]]></system-out>
    <system-err><![CDATA[SLF4J: Failed to load class "org.slf4j.impl.StaticLoggerBinder".
SLF4J: Defaulting to no-operation (NOP) logger implementation
SLF4J: See http://www.slf4j.org/codes.html#StaticLoggerBinder for further details.
]]></system-err>
  </testcase>
  <testcase name="testImageResponse" classname="HttpServerTest" time="0.007">
    <system-out><![CDATA[Ruta solicitada: /image.jpeg
]]></system-out>
  </testcase>
  <testcase name="testCssResponse" classname="HttpServerTest" time="0.004">
    <system-out><![CDATA[Ruta solicitada: /styles.css
]]></system-out>
  </testcase>
  <testcase name="testSumRoute" classname="HttpServerTest" time="0.007"/>
  <testcase name="testPiRoute" classname="HttpServerTest" time="0.0"/>
  <testcase name="testNotFoundResponse" classname="HttpServerTest" time="0.004">
    <system-out><![CDATA[Ruta solicitada: /nonexistent
]]></system-out>
  </testcase>
  <testcase name="testDataResponse" classname="HttpServerTest" time="0.004">
    <system-out><![CDATA[Ruta solicitada: /data
Contenido recibido: {"message": "Datos recibidos correctamente"}

]]></system-out>
  </testcase>
  <testcase name="testHelloRoute" classname="HttpServerTest" time="0.001"/>
</testsuite>